2016-05-24 8:54:22 - PHP Notice:  Error: Could not load model /home/cosmosco/public_html/member/admin/model/setting/news.php! in /home/cosmosco/public_html/member/vqmod/vqcache/vq2-system_engine_loader.php on line 24
2016-05-24 10:58:32 - PHP Notice:  Undefined variable: total in /home/cosmosco/public_html/member/admin/view/template/dashboard/customer.tpl on line 10
2016-05-24 10:58:32 - PHP Notice:  Undefined variable: customer in /home/cosmosco/public_html/member/admin/view/template/dashboard/customer.tpl on line 12
2016-05-29 15:21:52 - PHP Warning:  number_format() expects parameter 1 to be double, string given in /home/cosmosco/public_html/member/catalog/view/theme/default/template/account/edit.tpl on line 59
2016-05-31 9:22:27 - PHP Notice:  Undefined variable: total in /home/cosmosco/public_html/member/admin/view/template/dashboard/customer.tpl on line 10
2016-05-31 9:22:27 - PHP Notice:  Undefined variable: customer in /home/cosmosco/public_html/member/admin/view/template/dashboard/customer.tpl on line 12
2016-05-31 9:22:33 - PHP Notice:  Error: Table 'cosmosco_clife.sm_room' doesn't exist<br />Error No: 1146<br />SELECT c.*, CONCAT(c.lastname, ' ', c.firstname) AS name , r.name AS room_name FROM sm_customer c Left Join sm_room as r ON c.room_id = r.id ORDER BY customer_id  ASC LIMIT 0,20 in /home/cosmosco/public_html/member/system/library/db/mysqli.php on line 41
2016-05-31 9:22:33 - PHP Notice:  Trying to get property of non-object in /home/cosmosco/public_html/member/admin/model/sale/customer.php on line 548
2016-05-31 9:22:33 - PHP Warning:  Invalid argument supplied for foreach() in /home/cosmosco/public_html/member/admin/controller/sale/customer.php on line 751
2016-05-31 9:43:05 - PHP Notice:  Undefined variable: class in /home/cosmosco/public_html/member/catalog/view/theme/default/template/account/forgotten.tpl on line 5
2016-05-31 9:48:31 - PHP Notice:  Undefined variable: class in /home/cosmosco/public_html/member/catalog/view/theme/default/template/account/forgotten.tpl on line 5
2016-05-31 9:53:21 - PHP Notice:  Undefined variable: class in /home/cosmosco/public_html/member/catalog/view/theme/default/template/account/forgotten.tpl on line 5
2016-05-31 9:59:51 - PHP Notice:  Undefined variable: class in /home/cosmosco/public_html/member/catalog/view/theme/default/template/account/forgotten.tpl on line 5
2016-05-31 10:00:02 - PHP Warning:  fsockopen(): unable to connect to ssl://smtp.gmail.com:465 (Connection timed out) in /home/cosmosco/public_html/member/system/library/mail.php on line 170
2016-05-31 10:00:02 - PHP Notice:  Error: Connection timed out (110) in /home/cosmosco/public_html/member/system/library/mail.php on line 173
2016-05-31 10:06:17 - PHP Notice:  Undefined variable: class in /home/cosmosco/public_html/member/catalog/view/theme/default/template/account/forgotten.tpl on line 5
2016-05-31 10:06:30 - PHP Warning:  fsockopen(): unable to connect to ssl://smtp.gmail.com:465 (Connection timed out) in /home/cosmosco/public_html/member/system/library/mail.php on line 170
2016-05-31 10:06:30 - PHP Notice:  Error: Connection timed out (110) in /home/cosmosco/public_html/member/system/library/mail.php on line 173
2016-05-31 10:07:23 - PHP Notice:  Undefined variable: class in /home/cosmosco/public_html/member/catalog/view/theme/default/template/account/forgotten.tpl on line 5
2016-05-31 10:08:28 - PHP Warning:  fsockopen(): unable to connect to ssl://smtp.gmail.com:465 (Connection timed out) in /home/cosmosco/public_html/member/system/library/mail.php on line 170
2016-05-31 10:08:28 - PHP Notice:  Error: Connection timed out (110) in /home/cosmosco/public_html/member/system/library/mail.php on line 173
2016-05-31 10:17:44 - PHP Notice:  Undefined variable: class in /home/cosmosco/public_html/member/catalog/view/theme/default/template/account/forgotten.tpl on line 5
2016-05-31 11:41:49 - PHP Notice:  Undefined variable: class in /home/cosmosco/public_html/member/catalog/view/theme/default/template/account/forgotten.tpl on line 5
2016-05-31 12:07:07 - PHP Notice:  Undefined variable: class in /home/cosmosco/public_html/member/catalog/view/theme/default/template/account/forgotten.tpl on line 5
2016-05-31 12:07:41 - PHP Notice:  Undefined variable: class in /home/cosmosco/public_html/member/catalog/view/theme/default/template/account/forgotten.tpl on line 5
2016-05-31 12:08:09 - PHP Notice:  Undefined variable: class in /home/cosmosco/public_html/member/catalog/view/theme/default/template/account/forgotten.tpl on line 5
2016-05-31 12:08:56 - PHP Notice:  Undefined variable: class in /home/cosmosco/public_html/member/catalog/view/theme/default/template/account/forgotten.tpl on line 5
2016-05-31 12:10:42 - PHP Notice:  Undefined variable: class in /home/cosmosco/public_html/member/catalog/view/theme/default/template/account/forgotten.tpl on line 5
2016-05-31 12:14:00 - PHP Notice:  Undefined variable: class in /home/cosmosco/public_html/member/catalog/view/theme/default/template/account/forgotten.tpl on line 5
2016-05-31 12:15:22 - PHP Warning:  fsockopen(): unable to connect to ssl://smtp.gmail.com:465 (Connection timed out) in /home/cosmosco/public_html/member/system/library/mail.php on line 170
2016-05-31 12:15:22 - PHP Notice:  Error: Connection timed out (110) in /home/cosmosco/public_html/member/system/library/mail.php on line 173
2016-05-31 12:16:22 - PHP Warning:  fsockopen(): unable to connect to ssl://smtp.gmail.com:465 (Connection timed out) in /home/cosmosco/public_html/member/system/library/mail.php on line 170
2016-05-31 12:16:22 - PHP Notice:  Error: Connection timed out (110) in /home/cosmosco/public_html/member/system/library/mail.php on line 173
2016-06-01 2:45:11 - PHP Notice:  Undefined variable: class in /home/cosmosco/public_html/member/catalog/view/theme/default/template/account/forgotten.tpl on line 5
2016-06-01 2:46:21 - PHP Notice:  Undefined variable: class in /home/cosmosco/public_html/member/catalog/view/theme/default/template/account/forgotten.tpl on line 5
2016-06-01 2:47:31 - PHP Notice:  Undefined variable: class in /home/cosmosco/public_html/member/catalog/view/theme/default/template/account/forgotten.tpl on line 5
2016-06-01 2:47:38 - PHP Notice:  Error: E-Mail to required! in /home/cosmosco/public_html/member/system/library/mail.php on line 61
2016-06-01 2:47:45 - PHP Notice:  Undefined variable: class in /home/cosmosco/public_html/member/catalog/view/theme/default/template/account/forgotten.tpl on line 5
2016-06-01 2:48:40 - PHP Notice:  Undefined variable: class in /home/cosmosco/public_html/member/catalog/view/theme/default/template/account/forgotten.tpl on line 5
2016-06-01 2:49:02 - PHP Notice:  Undefined variable: class in /home/cosmosco/public_html/member/catalog/view/theme/default/template/account/forgotten.tpl on line 5
2016-06-01 2:50:11 - PHP Notice:  Undefined variable: class in /home/cosmosco/public_html/member/catalog/view/theme/default/template/account/forgotten.tpl on line 5
2016-06-01 2:50:11 - PHP Notice:  Undefined variable: class in /home/cosmosco/public_html/member/catalog/view/theme/default/template/account/forgotten.tpl on line 5
2016-06-01 2:50:11 - PHP Notice:  Undefined variable: class in /home/cosmosco/public_html/member/catalog/view/theme/default/template/account/forgotten.tpl on line 5
2016-06-01 2:50:12 - PHP Notice:  Undefined variable: class in /home/cosmosco/public_html/member/catalog/view/theme/default/template/account/forgotten.tpl on line 5
2016-06-01 2:50:12 - PHP Notice:  Undefined variable: class in /home/cosmosco/public_html/member/catalog/view/theme/default/template/account/forgotten.tpl on line 5
2016-06-01 2:50:12 - PHP Notice:  Undefined variable: class in /home/cosmosco/public_html/member/catalog/view/theme/default/template/account/forgotten.tpl on line 5
2016-06-01 2:50:29 - PHP Notice:  Undefined variable: class in /home/cosmosco/public_html/member/catalog/view/theme/default/template/account/forgotten.tpl on line 5
2016-06-01 2:50:29 - PHP Notice:  Undefined variable: class in /home/cosmosco/public_html/member/catalog/view/theme/default/template/account/forgotten.tpl on line 5
2016-06-01 2:50:29 - PHP Notice:  Undefined variable: class in /home/cosmosco/public_html/member/catalog/view/theme/default/template/account/forgotten.tpl on line 5
2016-06-01 2:50:30 - PHP Notice:  Undefined variable: class in /home/cosmosco/public_html/member/catalog/view/theme/default/template/account/forgotten.tpl on line 5
2016-06-01 2:50:31 - PHP Notice:  Undefined variable: class in /home/cosmosco/public_html/member/catalog/view/theme/default/template/account/forgotten.tpl on line 5
2016-06-01 2:50:31 - PHP Notice:  Undefined variable: class in /home/cosmosco/public_html/member/catalog/view/theme/default/template/account/forgotten.tpl on line 5
2016-06-01 2:50:31 - PHP Notice:  Undefined variable: class in /home/cosmosco/public_html/member/catalog/view/theme/default/template/account/forgotten.tpl on line 5
2016-06-01 2:50:32 - PHP Notice:  Undefined variable: class in /home/cosmosco/public_html/member/catalog/view/theme/default/template/account/forgotten.tpl on line 5
2016-06-01 2:50:32 - PHP Notice:  Undefined variable: class in /home/cosmosco/public_html/member/catalog/view/theme/default/template/account/forgotten.tpl on line 5
2016-06-01 2:50:32 - PHP Notice:  Undefined variable: class in /home/cosmosco/public_html/member/catalog/view/theme/default/template/account/forgotten.tpl on line 5
2016-06-01 2:50:33 - PHP Notice:  Undefined variable: class in /home/cosmosco/public_html/member/catalog/view/theme/default/template/account/forgotten.tpl on line 5
2016-06-01 2:51:18 - PHP Warning:  fsockopen(): unable to connect to ssl://smtp.gmail.com:465 (Connection timed out) in /home/cosmosco/public_html/member/system/library/mail.php on line 170
2016-06-01 2:51:18 - PHP Notice:  Error: Connection timed out (110) in /home/cosmosco/public_html/member/system/library/mail.php on line 173
2016-06-01 2:51:18 - PHP Notice:  Undefined variable: class in /home/cosmosco/public_html/member/catalog/view/theme/default/template/account/forgotten.tpl on line 5
2016-06-01 2:53:05 - PHP Notice:  Undefined variable: class in /home/cosmosco/public_html/member/catalog/view/theme/default/template/account/forgotten.tpl on line 5
2016-06-01 2:55:25 - PHP Warning:  fsockopen(): unable to connect to ssl://smtp.gmail.com:465 (Connection timed out) in /home/cosmosco/public_html/member/system/library/mail.php on line 170
2016-06-01 2:55:25 - PHP Notice:  Error: Connection timed out (110) in /home/cosmosco/public_html/member/system/library/mail.php on line 173
2016-06-01 2:55:25 - PHP Notice:  Undefined variable: class in /home/cosmosco/public_html/member/catalog/view/theme/default/template/account/forgotten.tpl on line 5
2016-06-01 3:06:01 - PHP Warning:  fsockopen(): unable to connect to ssl://smtp.gmail.com:465 (Connection timed out) in /home/cosmosco/public_html/member/system/library/mail.php on line 170
2016-06-01 3:06:01 - PHP Notice:  Error: Connection timed out (110) in /home/cosmosco/public_html/member/system/library/mail.php on line 173
2016-06-01 3:07:22 - PHP Warning:  fsockopen(): unable to connect to ssl://smtp.gmail.com:465 (Connection timed out) in /home/cosmosco/public_html/member/system/library/mail.php on line 170
2016-06-01 3:07:22 - PHP Notice:  Error: Connection timed out (110) in /home/cosmosco/public_html/member/system/library/mail.php on line 173
2016-06-01 3:09:21 - PHP Notice:  Undefined variable: class in /home/cosmosco/public_html/member/catalog/view/theme/default/template/account/forgotten.tpl on line 5
2016-06-01 3:11:43 - PHP Warning:  fsockopen(): unable to connect to ssl://smtp.gmail.com:465 (Connection timed out) in /home/cosmosco/public_html/member/system/library/mail.php on line 170
2016-06-01 3:11:43 - PHP Notice:  Error: Connection timed out (110) in /home/cosmosco/public_html/member/system/library/mail.php on line 173
2016-06-01 3:11:46 - PHP Notice:  Undefined variable: class in /home/cosmosco/public_html/member/catalog/view/theme/default/template/account/forgotten.tpl on line 5
2016-06-01 3:21:38 - PHP Notice:  Undefined variable: class in /home/cosmosco/public_html/member/catalog/view/theme/default/template/account/forgotten.tpl on line 5
2016-06-01 3:27:13 - PHP Notice:  Undefined variable: class in /home/cosmosco/public_html/member/catalog/view/theme/default/template/account/forgotten.tpl on line 5
2016-06-01 3:29:35 - PHP Warning:  fsockopen(): unable to connect to ssl://smtp.gmail.com:465 (Connection timed out) in /home/cosmosco/public_html/member/system/library/mail.php on line 170
2016-06-01 3:29:35 - PHP Notice:  Error: Connection timed out (110) in /home/cosmosco/public_html/member/system/library/mail.php on line 173
2016-06-01 3:29:46 - PHP Notice:  Undefined variable: class in /home/cosmosco/public_html/member/catalog/view/theme/default/template/account/forgotten.tpl on line 5
2016-06-01 6:25:49 - PHP Notice:  Undefined variable: js in /var/www/clife/catalog/view/theme/default/template/account/personal.tpl on line 58
2016-06-01 6:36:26 - PHP Notice:  Undefined variable: customer in /var/www/clife/admin/view/template/dashboard/customer.tpl on line 2
2016-06-01 6:36:26 - PHP Notice:  Undefined variable: total in /var/www/clife/admin/view/template/dashboard/customer.tpl on line 5
2016-06-01 6:36:44 - PHP Notice:  Undefined variable: customer in /var/www/clife/admin/view/template/dashboard/customer.tpl on line 2
2016-06-01 6:36:44 - PHP Notice:  Undefined variable: total in /var/www/clife/admin/view/template/dashboard/customer.tpl on line 5
2016-06-01 6:37:01 - PHP Notice:  Undefined variable: customer in /var/www/clife/admin/view/template/dashboard/customer.tpl on line 2
2016-06-01 6:37:01 - PHP Notice:  Undefined variable: total in /var/www/clife/admin/view/template/dashboard/customer.tpl on line 5
2016-06-01 7:00:21 - PHP Notice:  Undefined variable: class in /var/www/clife/catalog/view/theme/default/template/account/forgotten.tpl on line 5
2016-06-01 7:02:13 - PHP Notice:  Undefined variable: class in /var/www/clife/catalog/view/theme/default/template/account/forgotten.tpl on line 5
2016-06-01 7:03:08 - PHP Notice:  Undefined variable: class in /var/www/clife/catalog/view/theme/default/template/account/forgotten.tpl on line 5
2016-06-01 7:03:22 - PHP Notice:  Undefined variable: class in /var/www/clife/catalog/view/theme/default/template/account/forgotten.tpl on line 5
2016-06-01 7:04:14 - PHP Notice:  Error: E-Mail to required! in /var/www/clife/system/library/mail.php on line 61
2016-06-01 7:04:17 - PHP Notice:  Undefined variable: class in /var/www/clife/catalog/view/theme/default/template/account/forgotten.tpl on line 5
2016-06-01 7:04:18 - PHP Notice:  Error: E-Mail to required! in /var/www/clife/system/library/mail.php on line 61
2016-06-01 7:04:22 - PHP Notice:  Undefined variable: class in /var/www/clife/catalog/view/theme/default/template/account/forgotten.tpl on line 5
2016-06-01 7:04:54 - PHP Notice:  Undefined variable: class in /var/www/clife/catalog/view/theme/default/template/account/forgotten.tpl on line 5
2016-06-01 7:05:01 - PHP Notice:  Error: E-Mail to required! in /var/www/clife/system/library/mail.php on line 61
2016-06-01 7:06:17 - PHP Notice:  Error: E-Mail to required! in /var/www/clife/system/library/mail.php on line 61
2016-06-01 7:06:19 - PHP Notice:  Undefined variable: class in /var/www/clife/catalog/view/theme/default/template/account/forgotten.tpl on line 5
2016-06-01 7:06:20 - PHP Notice:  Undefined variable: class in /var/www/clife/catalog/view/theme/default/template/account/forgotten.tpl on line 5
2016-06-01 7:07:56 - PHP Notice:  Undefined variable: class in /var/www/clife/catalog/view/theme/default/template/account/forgotten.tpl on line 5
2016-06-01 7:08:36 - PHP Notice:  Undefined variable: class in /var/www/clife/catalog/view/theme/default/template/account/forgotten.tpl on line 5
2016-06-01 7:08:38 - PHP Notice:  Undefined variable: class in /var/www/clife/catalog/view/theme/default/template/account/forgotten.tpl on line 5
2016-06-01 7:09:15 - PHP Notice:  Undefined variable: class in /var/www/clife/catalog/view/theme/default/template/account/forgotten.tpl on line 5
2016-06-01 7:09:49 - PHP Notice:  Undefined variable: class in /var/www/clife/catalog/view/theme/default/template/account/forgotten.tpl on line 5
2016-06-01 7:09:51 - PHP Notice:  Undefined variable: class in /var/www/clife/catalog/view/theme/default/template/account/forgotten.tpl on line 5
2016-06-01 7:10:12 - PHP Notice:  Undefined variable: class in /var/www/clife/catalog/view/theme/default/template/account/forgotten.tpl on line 5
2016-06-01 7:10:39 - PHP Notice:  Undefined variable: class in /var/www/clife/catalog/view/theme/default/template/account/forgotten.tpl on line 5
2016-06-01 7:17:15 - PHP Notice:  Undefined variable: class in /var/www/clife/catalog/view/theme/default/template/account/forgotten.tpl on line 5
2016-06-01 7:19:28 - PHP Notice:  Undefined variable: class in /var/www/clife/catalog/view/theme/default/template/account/forgotten.tpl on line 5
2016-06-01 7:20:10 - PHP Notice:  Undefined variable: class in /var/www/clife/catalog/view/theme/default/template/account/forgotten.tpl on line 5
2016-06-01 9:45:08 - PHP Notice:  Undefined variable: tota in /var/www/clife/catalog/controller/account/dashboard.php on line 126
2016-06-03 2:03:59 - PHP Notice:  Undefined variable: class in /var/www/clife/catalog/view/theme/default/template/account/forgotten.tpl on line 5
2016-06-03 2:52:40 - PHP Notice:  Undefined variable: pin in /var/www/clife/catalog/model/account/customer.php on line 125
2016-06-03 2:52:40 - PHP Notice:  Trying to get property of non-object in /var/www/clife/catalog/model/account/customer.php on line 128
2016-06-03 2:52:48 - PHP Notice:  Undefined variable: pin in /var/www/clife/catalog/model/account/customer.php on line 125
2016-06-03 2:52:48 - PHP Notice:  Trying to get property of non-object in /var/www/clife/catalog/model/account/customer.php on line 128
2016-06-03 2:53:32 - PHP Notice:  Undefined variable: pin in /var/www/clife/catalog/model/account/customer.php on line 125
2016-06-03 2:54:07 - PHP Notice:  Undefined variable: pin in /var/www/clife/catalog/model/account/customer.php on line 124
2016-06-03 2:55:59 - PHP Notice:  Error: You have an error in your SQL syntax; check the manual that corresponds to your MySQL server version for the right syntax to use near ''24' at line 3<br />Error No: 1064<br />
			UPDATE sm_customer_r_wallet SET 
			amount = '3840000'
			WHERE customer_id = '24 in /var/www/clife/system/library/db/mysqli.php on line 41
2016-06-03 3:56:08 - PHP Notice:  Error: Table 'clife.sm_customer_get_donation' doesn't exist<br />Error No: 1146<br />
			SELECT COUNT( * ) AS number
			FROM  sm_customer_get_donation
			WHERE customer_id = '24'
		 in /var/www/clife/system/library/db/mysqli.php on line 41
2016-06-03 3:56:08 - PHP Notice:  Trying to get property of non-object in /var/www/clife/catalog/model/account/customer.php on line 213
2016-06-03 3:58:59 - PHP Notice:  Use of undefined constant pds - assumed 'pds' in /var/www/clife/catalog/view/theme/default/template/account/gd.tpl on line 37
2016-06-03 3:59:06 - PHP Notice:  Undefined variable: pds in /var/www/clife/catalog/view/theme/default/template/account/gd.tpl on line 37
2016-06-03 3:59:45 - PHP Notice:  Error: Could not load template /var/www/clife/catalog/view/theme/default/template/account/gd_create.tpl! in /var/www/clife/vqmod/vqcache/vq2-system_engine_loader.php on line 45
2016-06-03 7:27:45 - PHP Notice:  Error: Could not load template /var/www/clife/catalog/view/theme/default/template/account/gd_transfer.tpl! in /var/www/clife/vqmod/vqcache/vq2-system_engine_loader.php on line 45
2016-06-04 1:52:53 - PHP Notice:  Undefined variable: class in /var/www/clife/catalog/view/theme/default/template/account/forgotten.tpl on line 5
2016-06-04 2:01:59 - PHP Notice:  Error: Could not load template /var/www/clife/catalog/view/theme/default/template/account/gd_transfer.tpl! in /var/www/clife/vqmod/vqcache/vq2-system_engine_loader.php on line 45
2016-06-04 2:50:19 - PHP Notice:  Error: Could not load template /var/www/clife/catalog/view/theme/default/template/account/gd_transfer.tpl! in /var/www/clife/vqmod/vqcache/vq2-system_engine_loader.php on line 45
